0 info it worked if it ends with ok
1 verbose cli [ 'C:\\Program Files\\nodejs\\node.exe',
1 verbose cli   'C:\\Program Files\\nodejs\\node_modules\\npm\\bin\\npm-cli.js',
1 verbose cli   'run',
1 verbose cli   'watch' ]
2 info using npm@2.15.11
3 info using node@v4.8.3
4 verbose run-script [ 'prewatch', 'watch', 'postwatch' ]
5 info prewatch frontend@1.0.0
6 info watch frontend@1.0.0
7 verbose unsafe-perm in lifecycle true
8 info frontend@1.0.0 Failed to exec watch script
9 verbose stack Error: frontend@1.0.0 watch: `webpack --watch`
9 verbose stack Exit status 1
9 verbose stack     at EventEmitter.<anonymous> (C:\Users\msko\AppData\Roaming\nvm\v4.8.3\node_modules\npm\lib\utils\lifecycle.js:217:16)
9 verbose stack     at emitTwo (events.js:87:13)
9 verbose stack     at EventEmitter.emit (events.js:172:7)
9 verbose stack     at ChildProcess.<anonymous> (C:\Users\msko\AppData\Roaming\nvm\v4.8.3\node_modules\npm\lib\utils\spawn.js:24:14)
9 verbose stack     at emitTwo (events.js:87:13)
9 verbose stack     at ChildProcess.emit (events.js:172:7)
9 verbose stack     at maybeClose (internal/child_process.js:862:16)
9 verbose stack     at Process.ChildProcess._handle.onexit (internal/child_process.js:222:5)
10 verbose pkgid frontend@1.0.0
11 verbose cwd C:\Users\msko\code\ref-app\frontend
12 error Windows_NT 10.0.18362
13 error argv "C:\\Program Files\\nodejs\\node.exe" "C:\\Program Files\\nodejs\\node_modules\\npm\\bin\\npm-cli.js" "run" "watch"
14 error node v4.8.3
15 error npm  v2.15.11
16 error code ELIFECYCLE
17 error frontend@1.0.0 watch: `webpack --watch`
17 error Exit status 1
18 error Failed at the frontend@1.0.0 watch script 'webpack --watch'.
18 error This is most likely a problem with the frontend package,
18 error not with npm itself.
18 error Tell the author that this fails on your system:
18 error     webpack --watch
18 error You can get information on how to open an issue for this project with:
18 error     npm bugs frontend
18 error Or if that isn't available, you can get their info via:
18 error
18 error     npm owner ls frontend
18 error There is likely additional logging output above.
19 verbose exit [ 1, true ]
